1 200
2 7
3 76
4 220
5 213
6 156
7 175
8 151
9 234
10 20
11 113
12 216
13 198
14 114
15 153
16 56
17 232
18 71
19 240
20 124
21 99
22 96
23 256
24 61
25 34
26 251
27 136
28 67
29 233
30 144
31 170
32 35
33 255
34 118
35 105
36 245
37 26
38 13
39 145
40 63
41 140
42 58
43 70
44 73
45 150
46 18
47 115
48 33
49 78
50 15
51 40
52 186
53 147
54 10
55 87
56 177
57 50
58 157
59 193
60 22
61 206
62 195
63 111
64 189
65 202
66 52
67 119
68 154
69 183
70 250
71 9
72 131
73 199
74 77
75 241
76 126
77 187
78 228
79 51
80 123
81 242
82 161
83 217
84 134
85 25
86 190
87 116
88 249
89 48
90 210
91 142
92 60
93 14
94 179
95 184
96 212
97 29
98 162
99 163
100 230
101 180
102 80
103 21
104 97
105 100
106 158
107 112
108 83
109 178
110 104
111 95
112 49
113 127
114 246
115 74
116 237
117 117
118 218
119 1
120 130
121 222
122 36
123 160
124 221
125 226
126 23
127 5
128 214
129 82
130 201
131 168
132 84
133 208
134 159
135 211
136 47
137 31
138 2
139 239
140 53
141 253
142 109
143 122
144 30
145 185
146 133
147 243
148 235
149 194
150 101
151 138
152 173
153 37
154 107
155 252
156 88
157 43
158 139
159 12
160 203
161 236
162 191
163 75
164 4
165 103
166 120
167 66
168 215
169 19
170 102
171 69
172 169
173 11
174 172
175 166
176 132
177 45
178 41
179 137
180 229
181 146
182 57
183 72
184 192
185 81
186 110
187 128
188 143
189 254
190 28
191 176
192 141
193 54
194 196
195 38
196 181
197 205
198 182
199 65
200 224
201 44
202 89
203 32
204 3
205 6
206 98
207 188
208 152
209 167
210 149
211 164
212 129
213 79
214 148
215 207
216 94
217 204
218 108
219 17
220 247
221 62
222 86
223 135
224 59
225 225
226 238
227 46
228 171
229 174
230 219
231 121
232 231
233 42
234 244
235 16
236 197
237 8
238 64
239 227
240 85
241 155
242 55
243 92
244 27
245 106
246 68
247 93
248 165
249 248
250 125
251 24
252 223
253 91
254 209
255 90
256 39
