1 361
2 251
3 168
4 211
5 154
6 394
7 26
8 399
9 184
10 350
11 203
12 19
13 411
14 334
15 403
16 263
17 496
18 123
19 437
20 400
21 201
22 146
23 427
24 57
25 148
26 77
27 72
28 254
29 127
30 277
31 178
32 325
33 252
34 265
35 321
36 214
37 459
38 241
39 78
40 182
41 193
42 435
43 87
44 42
45 267
46 202
47 23
48 28
49 370
50 462
51 410
52 37
53 39
54 191
55 233
56 280
57 271
58 76
59 460
60 503
61 420
62 386
63 273
64 358
65 181
66 147
67 31
68 3
69 352
70 479
71 355
72 27
73 2
74 336
75 307
76 387
77 102
78 170
79 165
80 58
81 306
82 483
83 346
84 81
85 482
86 477
87 243
88 89
89 218
90 448
91 215
92 426
93 145
94 55
95 69
96 508
97 247
98 337
99 82
100 244
101 15
102 319
103 415
104 194
105 38
106 281
107 381
108 282
109 342
110 392
111 339
112 21
113 116
114 236
115 347
116 164
117 495
118 105
119 488
120 396
121 50
122 374
123 330
124 272
125 438
126 505
127 457
128 206
129 310
130 109
131 16
132 473
133 444
134 456
135 414
136 449
137 207
138 485
139 469
140 490
141 235
142 152
143 331
144 317
145 186
146 264
147 309
148 205
149 111
150 96
151 261
152 260
153 160
154 295
155 126
156 354
157 404
158 97
159 190
160 465
161 296
162 133
163 257
164 480
165 311
166 412
167 466
168 32
169 472
170 401
171 144
172 73
173 106
174 71
175 150
176 34
177 86
178 489
179 322
180 85
181 476
182 464
183 103
184 425
185 100
186 227
187 436
188 242
189 221
190 122
191 175
192 223
193 188
194 195
195 368
196 232
197 173
198 511
199 226
200 113
201 209
202 74
203 259
204 406
205 159
206 429
207 83
208 356
209 285
210 359
211 225
212 121
213 22
214 95
215 125
216 134
217 318
218 177
219 377
220 345
221 107
222 332
223 219
224 141
225 153
226 200
227 467
228 308
229 140
230 486
231 239
232 344
233 29
234 52
235 118
236 143
237 6
238 384
239 391
240 376
241 117
242 13
243 53
244 509
245 220
246 333
247 506
248 60
249 491
250 258
251 298
252 136
253 373
254 313
255 213
256 440
257 461
258 382
259 500
260 340
261 335
262 379
263 25
264 104
265 428
266 478
267 169
268 94
269 47
270 471
271 92
272 398
273 510
274 494
275 166
276 138
277 11
278 51
279 98
280 470
281 158
282 450
283 114
284 56
285 324
286 395
287 487
288 297
289 453
290 4
291 441
292 63
293 328
294 363
295 424
296 174
297 439
298 217
299 291
300 270
301 286
302 256
303 65
304 84
305 492
306 360
307 139
308 172
309 30
310 284
311 351
312 120
313 130
314 501
315 192
316 198
317 35
318 262
319 36
320 80
321 91
322 204
323 423
324 293
325 208
326 70
327 268
328 157
329 210
330 180
331 362
332 197
333 287
334 59
335 299
336 504
337 315
338 422
339 430
340 216
341 389
342 135
343 112
344 343
345 99
346 237
347 314
348 162
349 445
350 79
351 54
352 365
353 238
354 5
355 452
356 416
357 341
358 474
359 305
360 463
361 40
362 131
363 408
364 349
365 276
366 255
367 502
368 49
369 246
370 137
371 432
372 371
373 10
374 290
375 161
376 366
377 7
378 320
379 66
380 17
381 1
382 115
383 240
384 108
385 442
386 481
387 101
388 326
389 250
390 385
391 64
392 367
393 12
394 454
395 230
396 417
397 300
398 33
399 222
400 497
401 413
402 468
403 62
404 9
405 419
406 142
407 289
408 380
409 279
410 45
411 149
412 67
413 185
414 393
415 433
416 224
417 484
418 41
419 119
420 294
421 61
422 46
423 44
424 316
425 421
426 128
427 409
428 90
429 397
430 18
431 458
432 301
433 338
434 512
435 189
436 228
437 199
438 110
439 14
440 20
441 93
442 151
443 364
444 323
445 292
446 249
447 129
448 327
449 132
450 357
451 156
452 24
453 253
454 303
455 434
456 451
457 68
458 167
459 405
460 443
461 499
462 163
463 8
464 229
465 248
466 212
467 353
468 388
469 171
470 288
471 234
472 183
473 418
474 88
475 75
476 48
477 348
478 329
479 431
480 278
481 375
482 155
483 275
484 274
485 312
486 369
487 447
488 498
489 124
490 176
491 231
492 455
493 196
494 372
495 266
496 402
497 304
498 187
499 507
500 269
501 475
502 407
503 383
504 493
505 390
506 446
507 302
508 245
509 43
510 378
511 283
512 179
