1 45
2 202
3 23
4 33
5 64
6 204
7 158
8 160
9 178
10 104
11 130
12 119
13 60
14 75
15 92
16 254
17 27
18 121
19 222
20 245
21 67
22 50
23 139
24 8
25 187
26 152
27 85
28 94
29 252
30 106
31 219
32 212
33 47
34 14
35 137
36 12
37 193
38 179
39 235
40 13
41 180
42 146
43 173
44 28
45 115
46 168
47 225
48 118
49 54
50 247
51 65
52 135
53 91
54 97
55 215
56 44
57 164
58 230
59 63
60 93
61 210
62 30
63 61
64 29
65 86
66 138
67 58
68 17
69 214
70 155
71 239
72 196
73 140
74 243
75 177
76 228
77 246
78 24
79 19
80 224
81 229
82 6
83 233
84 136
85 34
86 32
87 182
88 62
89 5
90 4
91 201
92 199
93 166
94 255
95 83
96 123
97 74
98 81
99 72
100 21
101 100
102 37
103 25
104 231
105 192
106 149
107 161
108 251
109 172
110 46
111 129
112 52
113 122
114 88
115 221
116 189
117 223
118 181
119 42
120 125
121 165
122 110
123 248
124 128
125 183
126 198
127 244
128 227
129 36
130 241
131 188
132 59
133 156
134 114
135 220
136 154
137 207
138 142
139 3
140 120
141 66
142 26
143 238
144 113
145 68
146 108
147 78
148 40
149 205
150 77
151 131
152 143
153 41
154 151
155 242
156 216
157 197
158 49
159 1
160 79
161 57
162 185
163 89
164 237
165 209
166 124
167 176
168 256
169 109
170 217
171 98
172 15
173 56
174 203
175 153
176 9
177 249
178 87
179 95
180 111
181 147
182 18
183 159
184 253
185 157
186 148
187 145
188 38
189 73
190 226
191 39
192 126
193 190
194 116
195 20
196 16
197 105
198 71
199 170
200 208
201 70
202 195
203 84
204 107
205 35
206 31
207 102
208 43
209 127
210 22
211 184
212 211
213 80
214 194
215 141
216 144
217 200
218 11
219 167
220 186
221 90
222 174
223 82
224 103
225 55
226 232
227 250
228 134
229 150
230 96
231 240
232 169
233 51
234 175
235 191
236 112
237 132
238 236
239 101
240 2
241 69
242 171
243 7
244 133
245 76
246 206
247 163
248 48
249 162
250 117
251 10
252 218
253 53
254 234
255 99
256 213
